<?xml version="1.0" encoding="UTF-8"?>
<testsuite xmlns:xsi="http://www.w3.org/2001/XMLSchema-instance" xsi:noNamespaceSchemaLocation="https://maven.apache.org/surefire/maven-surefire-plugin/xsd/surefire-test-report-3.0.xsd" version="3.0" name="TestSuite" time="2.084" tests="6" errors="0" skipped="0" failures="0">
  <properties>
    <property name="java.specification.version" value="17"/>
    <property name="sun.jnu.encoding" value="UTF-8"/>
    <property name="java.class.path" value="/Users/maalam/Desktop/java_work/assignment/bookstore-api-tests/target/test-classes:/Users/maalam/Desktop/java_work/assignment/bookstore-api-tests/target/classes:/Users/maalam/.m2/repository/io/rest-assured/rest-assured/5.4.0/rest-assured-5.4.0.jar:/Users/maalam/.m2/repository/org/apache/groovy/groovy/4.0.16/groovy-4.0.16.jar:/Users/maalam/.m2/repository/org/apache/groovy/groovy-xml/4.0.16/groovy-xml-4.0.16.jar:/Users/maalam/.m2/repository/org/apache/httpcomponents/httpmime/4.5.13/httpmime-4.5.13.jar:/Users/maalam/.m2/repository/org/hamcrest/hamcrest/2.2/hamcrest-2.2.jar:/Users/maalam/.m2/repository/org/ccil/cowan/tagsoup/tagsoup/1.2.1/tagsoup-1.2.1.jar:/Users/maalam/.m2/repository/io/rest-assured/json-path/5.4.0/json-path-5.4.0.jar:/Users/maalam/.m2/repository/org/apache/groovy/groovy-json/4.0.16/groovy-json-4.0.16.jar:/Users/maalam/.m2/repository/io/rest-assured/rest-assured-common/5.4.0/rest-assured-common-5.4.0.jar:/Users/maalam/.m2/repository/io/rest-assured/xml-path/5.4.0/xml-path-5.4.0.jar:/Users/maalam/.m2/repository/org/apache/commons/commons-lang3/3.11/commons-lang3-3.11.jar:/Users/maalam/.m2/repository/org/testng/testng/7.9.0/testng-7.9.0.jar:/Users/maalam/.m2/repository/org/slf4j/slf4j-api/1.7.36/slf4j-api-1.7.36.jar:/Users/maalam/.m2/repository/com/beust/jcommander/1.82/jcommander-1.82.jar:/Users/maalam/.m2/repository/org/webjars/jquery/3.7.1/jquery-3.7.1.jar:/Users/maalam/.m2/repository/io/github/cdimascio/dotenv-java/3.0.0/dotenv-java-3.0.0.jar:/Users/maalam/.m2/repository/org/apache/httpcomponents/httpclient/4.5.14/httpclient-4.5.14.jar:/Users/maalam/.m2/repository/org/apache/httpcomponents/httpcore/4.4.16/httpcore-4.4.16.jar:/Users/maalam/.m2/repository/commons-logging/commons-logging/1.2/commons-logging-1.2.jar:/Users/maalam/.m2/repository/commons-codec/commons-codec/1.11/commons-codec-1.11.jar:/Users/maalam/.m2/repository/io/qameta/allure/allure-testng/2.24.0/allure-testng-2.24.0.jar:/Users/maalam/.m2/repository/io/qameta/allure/allure-java-commons/2.24.0/allure-java-commons-2.24.0.jar:/Users/maalam/.m2/repository/io/qameta/allure/allure-model/2.24.0/allure-model-2.24.0.jar:/Users/maalam/.m2/repository/io/qameta/allure/allure-test-filter/2.24.0/allure-test-filter-2.24.0.jar:/Users/maalam/.m2/repository/io/qameta/allure/allure-cucumber7-jvm/2.24.0/allure-cucumber7-jvm-2.24.0.jar:/Users/maalam/.m2/repository/io/cucumber/gherkin/26.2.0/gherkin-26.2.0.jar:/Users/maalam/.m2/repository/io/cucumber/messages/22.0.0/messages-22.0.0.jar:/Users/maalam/.m2/repository/io/cucumber/cucumber-java/7.14.0/cucumber-java-7.14.0.jar:/Users/maalam/.m2/repository/io/cucumber/cucumber-core/7.14.0/cucumber-core-7.14.0.jar:/Users/maalam/.m2/repository/io/cucumber/cucumber-gherkin/7.14.0/cucumber-gherkin-7.14.0.jar:/Users/maalam/.m2/repository/io/cucumber/cucumber-gherkin-messages/7.14.0/cucumber-gherkin-messages-7.14.0.jar:/Users/maalam/.m2/repository/io/cucumber/tag-expressions/5.0.6/tag-expressions-5.0.6.jar:/Users/maalam/.m2/repository/io/cucumber/cucumber-expressions/16.1.2/cucumber-expressions-16.1.2.jar:/Users/maalam/.m2/repository/io/cucumber/datatable/7.14.0/datatable-7.14.0.jar:/Users/maalam/.m2/repository/io/cucumber/cucumber-plugin/7.14.0/cucumber-plugin-7.14.0.jar:/Users/maalam/.m2/repository/io/cucumber/docstring/7.14.0/docstring-7.14.0.jar:/Users/maalam/.m2/repository/io/cucumber/html-formatter/20.4.0/html-formatter-20.4.0.jar:/Users/maalam/.m2/repository/io/cucumber/junit-xml-formatter/0.2.0/junit-xml-formatter-0.2.0.jar:/Users/maalam/.m2/repository/io/cucumber/ci-environment/9.2.0/ci-environment-9.2.0.jar:/Users/maalam/.m2/repository/org/apiguardian/apiguardian-api/1.1.2/apiguardian-api-1.1.2.jar:/Users/maalam/.m2/repository/io/cucumber/cucumber-testng/7.14.0/cucumber-testng-7.14.0.jar:"/>
    <property name="java.vm.vendor" value="Azul Systems, Inc."/>
    <property name="sun.arch.data.model" value="64"/>
    <property name="java.vendor.url" value="http://www.azul.com/"/>
    <property name="user.timezone" value="Asia/Kolkata"/>
    <property name="os.name" value="Mac OS X"/>
    <property name="java.vm.specification.version" value="17"/>
    <property name="sun.java.launcher" value="SUN_STANDARD"/>
    <property name="user.country" value="IN"/>
    <property name="sun.boot.library.path" value="/Users/maalam/.sdkman/candidates/java/17.0.8-zulu/zulu-17.jdk/Contents/Home/lib"/>
    <property name="sun.java.command" value="/Users/maalam/Desktop/java_work/assignment/bookstore-api-tests/target/surefire/surefirebooter-20250507213712096_3.jar /Users/maalam/Desktop/java_work/assignment/bookstore-api-tests/target/surefire 2025-05-07T21-37-12_050-jvmRun1 surefire-20250507213712096_1tmp surefire_0-20250507213712096_2tmp"/>
    <property name="jdk.debug" value="release"/>
    <property name="surefire.test.class.path" value="/Users/maalam/Desktop/java_work/assignment/bookstore-api-tests/target/test-classes:/Users/maalam/Desktop/java_work/assignment/bookstore-api-tests/target/classes:/Users/maalam/.m2/repository/io/rest-assured/rest-assured/5.4.0/rest-assured-5.4.0.jar:/Users/maalam/.m2/repository/org/apache/groovy/groovy/4.0.16/groovy-4.0.16.jar:/Users/maalam/.m2/repository/org/apache/groovy/groovy-xml/4.0.16/groovy-xml-4.0.16.jar:/Users/maalam/.m2/repository/org/apache/httpcomponents/httpmime/4.5.13/httpmime-4.5.13.jar:/Users/maalam/.m2/repository/org/hamcrest/hamcrest/2.2/hamcrest-2.2.jar:/Users/maalam/.m2/repository/org/ccil/cowan/tagsoup/tagsoup/1.2.1/tagsoup-1.2.1.jar:/Users/maalam/.m2/repository/io/rest-assured/json-path/5.4.0/json-path-5.4.0.jar:/Users/maalam/.m2/repository/org/apache/groovy/groovy-json/4.0.16/groovy-json-4.0.16.jar:/Users/maalam/.m2/repository/io/rest-assured/rest-assured-common/5.4.0/rest-assured-common-5.4.0.jar:/Users/maalam/.m2/repository/io/rest-assured/xml-path/5.4.0/xml-path-5.4.0.jar:/Users/maalam/.m2/repository/org/apache/commons/commons-lang3/3.11/commons-lang3-3.11.jar:/Users/maalam/.m2/repository/org/testng/testng/7.9.0/testng-7.9.0.jar:/Users/maalam/.m2/repository/org/slf4j/slf4j-api/1.7.36/slf4j-api-1.7.36.jar:/Users/maalam/.m2/repository/com/beust/jcommander/1.82/jcommander-1.82.jar:/Users/maalam/.m2/repository/org/webjars/jquery/3.7.1/jquery-3.7.1.jar:/Users/maalam/.m2/repository/io/github/cdimascio/dotenv-java/3.0.0/dotenv-java-3.0.0.jar:/Users/maalam/.m2/repository/org/apache/httpcomponents/httpclient/4.5.14/httpclient-4.5.14.jar:/Users/maalam/.m2/repository/org/apache/httpcomponents/httpcore/4.4.16/httpcore-4.4.16.jar:/Users/maalam/.m2/repository/commons-logging/commons-logging/1.2/commons-logging-1.2.jar:/Users/maalam/.m2/repository/commons-codec/commons-codec/1.11/commons-codec-1.11.jar:/Users/maalam/.m2/repository/io/qameta/allure/allure-testng/2.24.0/allure-testng-2.24.0.jar:/Users/maalam/.m2/repository/io/qameta/allure/allure-java-commons/2.24.0/allure-java-commons-2.24.0.jar:/Users/maalam/.m2/repository/io/qameta/allure/allure-model/2.24.0/allure-model-2.24.0.jar:/Users/maalam/.m2/repository/io/qameta/allure/allure-test-filter/2.24.0/allure-test-filter-2.24.0.jar:/Users/maalam/.m2/repository/io/qameta/allure/allure-cucumber7-jvm/2.24.0/allure-cucumber7-jvm-2.24.0.jar:/Users/maalam/.m2/repository/io/cucumber/gherkin/26.2.0/gherkin-26.2.0.jar:/Users/maalam/.m2/repository/io/cucumber/messages/22.0.0/messages-22.0.0.jar:/Users/maalam/.m2/repository/io/cucumber/cucumber-java/7.14.0/cucumber-java-7.14.0.jar:/Users/maalam/.m2/repository/io/cucumber/cucumber-core/7.14.0/cucumber-core-7.14.0.jar:/Users/maalam/.m2/repository/io/cucumber/cucumber-gherkin/7.14.0/cucumber-gherkin-7.14.0.jar:/Users/maalam/.m2/repository/io/cucumber/cucumber-gherkin-messages/7.14.0/cucumber-gherkin-messages-7.14.0.jar:/Users/maalam/.m2/repository/io/cucumber/tag-expressions/5.0.6/tag-expressions-5.0.6.jar:/Users/maalam/.m2/repository/io/cucumber/cucumber-expressions/16.1.2/cucumber-expressions-16.1.2.jar:/Users/maalam/.m2/repository/io/cucumber/datatable/7.14.0/datatable-7.14.0.jar:/Users/maalam/.m2/repository/io/cucumber/cucumber-plugin/7.14.0/cucumber-plugin-7.14.0.jar:/Users/maalam/.m2/repository/io/cucumber/docstring/7.14.0/docstring-7.14.0.jar:/Users/maalam/.m2/repository/io/cucumber/html-formatter/20.4.0/html-formatter-20.4.0.jar:/Users/maalam/.m2/repository/io/cucumber/junit-xml-formatter/0.2.0/junit-xml-formatter-0.2.0.jar:/Users/maalam/.m2/repository/io/cucumber/ci-environment/9.2.0/ci-environment-9.2.0.jar:/Users/maalam/.m2/repository/org/apiguardian/apiguardian-api/1.1.2/apiguardian-api-1.1.2.jar:/Users/maalam/.m2/repository/io/cucumber/cucumber-testng/7.14.0/cucumber-testng-7.14.0.jar:"/>
    <property name="allure.results.directory" value="target/allure-results"/>
    <property name="sun.cpu.endian" value="little"/>
    <property name="user.home" value="/Users/maalam"/>
    <property name="user.language" value="en"/>
    <property name="java.specification.vendor" value="Oracle Corporation"/>
    <property name="java.version.date" value="2023-07-18"/>
    <property name="java.home" value="/Users/maalam/.sdkman/candidates/java/17.0.8-zulu/zulu-17.jdk/Contents/Home"/>
    <property name="file.separator" value="/"/>
    <property name="basedir" value="/Users/maalam/Desktop/java_work/assignment/bookstore-api-tests"/>
    <property name="java.vm.compressedOopsMode" value="Zero based"/>
    <property name="line.separator" value="&#10;"/>
    <property name="java.vm.specification.vendor" value="Oracle Corporation"/>
    <property name="java.specification.name" value="Java Platform API Specification"/>
    <property name="surefire.real.class.path" value="/Users/maalam/Desktop/java_work/assignment/bookstore-api-tests/target/surefire/surefirebooter-20250507213712096_3.jar"/>
    <property name="sun.management.compiler" value="HotSpot 64-Bit Tiered Compilers"/>
    <property name="java.runtime.version" value="17.0.8+7-LTS"/>
    <property name="user.name" value="maalam"/>
    <property name="path.separator" value=":"/>
    <property name="os.version" value="15.4.1"/>
    <property name="java.runtime.name" value="OpenJDK Runtime Environment"/>
    <property name="file.encoding" value="UTF-8"/>
    <property name="java.vm.name" value="OpenJDK 64-Bit Server VM"/>
    <property name="java.vendor.version" value="Zulu17.44+15-CA"/>
    <property name="localRepository" value="/Users/maalam/.m2/repository"/>
    <property name="java.vendor.url.bug" value="http://www.azul.com/support/"/>
    <property name="java.io.tmpdir" value="/var/folders/bj/29dsnqqs1b1bjx92tdvjbpf40000gp/T/"/>
    <property name="java.version" value="17.0.8"/>
    <property name="user.dir" value="/Users/maalam/Desktop/java_work/assignment/bookstore-api-tests"/>
    <property name="os.arch" value="aarch64"/>
    <property name="java.vm.specification.name" value="Java Virtual Machine Specification"/>
    <property name="native.encoding" value="UTF-8"/>
    <property name="java.library.path" value="/Users/maalam/Library/Java/Extensions:/Library/Java/Extensions:/Network/Library/Java/Extensions:/System/Library/Java/Extensions:/usr/lib/java:."/>
    <property name="java.vm.info" value="mixed mode, sharing"/>
    <property name="java.vendor" value="Azul Systems, Inc."/>
    <property name="java.vm.version" value="17.0.8+7-LTS"/>
    <property name="sun.io.unicode.encoding" value="UnicodeBig"/>
    <property name="java.class.version" value="61.0"/>
  </properties>
  <testcase name="testGetExistingBook" classname="tests.GetBookTest" time="0.11">
    <system-out><![CDATA[Redirecting login to: http://localhost:8000/login
Login status: 200
Login response body: {"access_token":"eyJ0eXAiOiJKV1QiLCJhbGciOiJIUzI1NiJ9.eyJzdWIiOiJ0ZXN0QGdtYWlsLmNvbSIsImV4cCI6MTc0NjYzNTgzM30.wPT09mOnpKw2GpiBoH4l7Pa6k_9awZhOyGVX-bjxW5E","token_type":"bearer"}
Created book response: {"name":"Test Book","book_summary":"Delete test summary","id":48,"author":"Test Author","published_year":2023}
]]></system-out>
    <system-err><![CDATA[SLF4J: Failed to load class "org.slf4j.impl.StaticLoggerBinder".
SLF4J: Defaulting to no-operation (NOP) logger implementation
SLF4J: See http://www.slf4j.org/codes.html#StaticLoggerBinder for further details.
]]></system-err>
  </testcase>
  <testcase name="testGetNonExistentBook" classname="tests.GetBookTest" time="0.032"/>
  <testcase name="testUpdateExistingBook" classname="tests.UpdateBookTest" time="0.057">
    <system-out><![CDATA[Redirecting login to: http://localhost:8000/login
Login status: 200
Login response body: {"access_token":"eyJ0eXAiOiJKV1QiLCJhbGciOiJIUzI1NiJ9.eyJzdWIiOiJ0ZXN0QGdtYWlsLmNvbSIsImV4cCI6MTc0NjYzNTgzM30.wPT09mOnpKw2GpiBoH4l7Pa6k_9awZhOyGVX-bjxW5E","token_type":"bearer"}
Created book response: {"name":"Test Book","book_summary":"Delete test summary","id":49,"author":"Test Author","published_year":2023}
]]></system-out>
  </testcase>
  <testcase name="testUpdateNonExistentBook" classname="tests.UpdateBookTest" time="0.012">
    <system-out><![CDATA[Updating book with ID: 49
Updated Book Data:     {
        "name": "Book Name1",
        "author": "Author Name",
        "published_year": "2023",
        "book_summary": "Some summary"
    }

]]></system-out>
  </testcase>
  <testcase name="testDeleteExistingBook" classname="tests.DeleteBookTest" time="0.032">
    <system-out><![CDATA[Redirecting login to: http://localhost:8000/login
Login status: 200
Login response body: {"access_token":"eyJ0eXAiOiJKV1QiLCJhbGciOiJIUzI1NiJ9.eyJzdWIiOiJ0ZXN0QGdtYWlsLmNvbSIsImV4cCI6MTc0NjYzNTgzNH0.wAT4krYZmbkSC5hzS4AIgN8BAOSI8IABPG81-O0y9xU","token_type":"bearer"}
Created book response: {"name":"Test Book","book_summary":"Delete test summary","id":50,"author":"Test Author","published_year":2023}
]]></system-out>
  </testcase>
  <testcase name="testDeleteNonExistentBook" classname="tests.DeleteBookTest" time="0.01"/>
</testsuite>