<?xml version="1.0" encoding="UTF-8"?>
<!-- Generated by org.testng.reporters.JUnitReportReporter -->
<<<<<<< HEAD
<testsuite hostname="AM-GC04VDQP9G" failures="0" tests="2" name="tests.DeleteBookTest" time="0.043" errors="0" timestamp="2025-05-07T18:01:59 IST" skipped="0">
  <testcase classname="tests.DeleteBookTest" name="testDeleteNonExistentBook" time="0.011"/>
  <testcase classname="tests.DeleteBookTest" name="testDeleteExistingBook" time="0.032"/>
=======
<testsuite hostname="DESKTOP-NAZALAM" failures="0" tests="2" name="tests.DeleteBookTest" time="0.142" errors="0" timestamp="2025-05-16T11:56:59 IST" skipped="0">
  <testcase classname="tests.DeleteBookTest" name="testDeleteNonExistentBook" time="0.036"/>
  <testcase classname="tests.DeleteBookTest" name="testDeleteExistingBook" time="0.106"/>
>>>>>>> 675b60a (Pom file changes)
</testsuite> <!-- tests.DeleteBookTest -->
