<?xml version="1.0" encoding="UTF-8"?>
<!-- Generated by org.testng.reporters.JUnitReportReporter -->
<testsuite hostname="AM-GC04VDQP9G" failures="0" tests="2" name="tests.GetBookTest" time="0.121" errors="0" timestamp="2025-05-07T21:37:14 IST" skipped="0">
  <testcase classname="tests.GetBookTest" name="testGetNonExistentBook" time="0.030"/>
  <testcase classname="tests.GetBookTest" name="testGetExistingBook" time="0.091"/>
</testsuite> <!-- tests.GetBookTest -->
