<?xml version="1.0" encoding="UTF-8"?>
<!-- Generated by org.testng.reporters.JUnitReportReporter -->
<testsuite hostname="DESKTOP-NAZALAM" failures="0" tests="2" name="tests.DeleteBookTest" time="0.147" errors="0" timestamp="2025-05-16T16:30:56 IST" skipped="0">
  <testcase classname="tests.DeleteBookTest" name="testDeleteNonExistentBook" time="0.036"/>
  <testcase classname="tests.DeleteBookTest" name="testDeleteExistingBook" time="0.111"/>
</testsuite> <!-- tests.DeleteBookTest -->
