<?xml version="1.0" encoding="UTF-8"?>
<!-- Generated by org.testng.reporters.JUnitReportReporter -->
<testsuite hostname="AM-GC04VDQP9G" failures="0" tests="2" name="tests.DeleteBookTest" time="0.042" errors="0" timestamp="2025-05-07T21:37:14 IST" skipped="0">
  <testcase classname="tests.DeleteBookTest" name="testDeleteNonExistentBook" time="0.010"/>
  <testcase classname="tests.DeleteBookTest" name="testDeleteExistingBook" time="0.032"/>
</testsuite> <!-- tests.DeleteBookTest -->
