<?xml version="1.0" encoding="UTF-8"?>
<!-- Generated by org.testng.reporters.JUnitReportReporter -->
<testsuite hostname="DESKTOP-NAZALAM" failures="0" tests="2" name="tests.GetBookTest" time="0.158" errors="0" timestamp="2025-05-16T16:30:56 IST" skipped="0">
  <testcase classname="tests.GetBookTest" name="testGetExistingBook" time="0.116"/>
  <testcase classname="tests.GetBookTest" name="testGetNonExistentBook" time="0.042"/>
</testsuite> <!-- tests.GetBookTest -->
