<?xml version="1.0" encoding="UTF-8"?>
<!-- Generated by org.testng.reporters.JUnitReportReporter -->
<<<<<<< HEAD
<testsuite hostname="AM-GC04VDQP9G" failures="0" tests="2" name="tests.UpdateBookTest" time="0.058" errors="0" timestamp="2025-05-07T18:01:59 IST" skipped="0">
  <testcase classname="tests.UpdateBookTest" name="testUpdateNonExistentBook" time="0.010"/>
  <testcase classname="tests.UpdateBookTest" name="testUpdateExistingBook" time="0.048"/>
=======
<testsuite hostname="DESKTOP-NAZALAM" failures="0" tests="2" name="tests.UpdateBookTest" time="0.225" errors="0" timestamp="2025-05-16T11:56:59 IST" skipped="0">
  <testcase classname="tests.UpdateBookTest" name="testUpdateExistingBook" time="0.190"/>
  <testcase classname="tests.UpdateBookTest" name="testUpdateNonExistentBook" time="0.035"/>
>>>>>>> 675b60a (Pom file changes)
</testsuite> <!-- tests.UpdateBookTest -->
