<?xml version="1.0" encoding="UTF-8"?>
<!-- Generated by org.testng.reporters.JUnitReportReporter -->
<testsuite hostname="AM-GC04VDQP9G" failures="0" tests="2" name="tests.UpdateBookTest" time="0.066" errors="0" timestamp="2025-05-07T21:37:14 IST" skipped="0">
  <testcase classname="tests.UpdateBookTest" name="testUpdateExistingBook" time="0.056"/>
  <testcase classname="tests.UpdateBookTest" name="testUpdateNonExistentBook" time="0.010"/>
</testsuite> <!-- tests.UpdateBookTest -->
