<?xml version="1.0" encoding="UTF-8"?>
<!-- Generated by org.testng.reporters.JUnitReportReporter -->
<testsuite hostname="DESKTOP-NAZALAM" failures="0" tests="2" name="tests.DeleteBookTest" time="0.183" errors="0" timestamp="2025-05-08T07:22:42 IST" skipped="0">
  <testcase classname="tests.DeleteBookTest" name="testDeleteExistingBook" time="0.125"/>
  <testcase classname="tests.DeleteBookTest" name="testDeleteNonExistentBook" time="0.058"/>
</testsuite> <!-- tests.DeleteBookTest -->
