<?xml version="1.0" encoding="UTF-8"?>
<!-- Generated by org.testng.reporters.JUnitReportReporter -->
<testsuite hostname="DESKTOP-NAZALAM" failures="0" tests="2" name="tests.GetBookTest" time="0.454" errors="0" timestamp="2025-05-08T07:22:42 IST" skipped="0">
  <testcase classname="tests.GetBookTest" name="testGetNonExistentBook" time="0.045"/>
  <testcase classname="tests.GetBookTest" name="testGetExistingBook" time="0.409"/>
</testsuite> <!-- tests.GetBookTest -->
