<?xml version="1.0" encoding="UTF-8"?>
<!-- Generated by org.testng.reporters.JUnitReportReporter -->
<testsuite hostname="DESKTOP-NAZALAM" failures="0" tests="2" name="tests.CreateBookTest" time="0.372" errors="0" timestamp="2025-05-08T07:33:19 IST" skipped="0">
  <testcase classname="tests.CreateBookTest" name="testCreateBookWithInvalidData" time="0.276"/>
  <testcase classname="tests.CreateBookTest" name="testCreateBookWithValidData" time="0.096"/>
</testsuite> <!-- tests.CreateBookTest -->
