<?xml version="1.0" encoding="UTF-8"?>
<!-- Generated by org.testng.reporters.JUnitReportReporter -->
<<<<<<< HEAD
<testsuite hostname="AM-GC04VDQP9G" failures="0" tests="2" name="tests.CreateBookTest" time="0.091" errors="0" timestamp="2025-05-07T18:01:59 IST" skipped="0">
  <testcase classname="tests.CreateBookTest" name="testCreateBookInvalidData" time="0.063"/>
  <testcase classname="tests.CreateBookTest" name="testCreateBookValidData" time="0.028"/>
=======
<testsuite hostname="DESKTOP-NAZALAM" failures="0" tests="2" name="tests.CreateBookTest" time="0.394" errors="0" timestamp="2025-05-16T11:56:59 IST" skipped="0">
  <testcase classname="tests.CreateBookTest" name="testCreateBookWithInvalidData" time="0.292"/>
  <testcase classname="tests.CreateBookTest" name="testCreateBookWithValidData" time="0.102"/>
>>>>>>> 675b60a (Pom file changes)
</testsuite> <!-- tests.CreateBookTest -->
