<?xml version="1.0" encoding="UTF-8"?>
<!-- Generated by org.testng.reporters.JUnitReportReporter -->
<testsuite hostname="DESKTOP-NAZALAM" failures="0" tests="2" name="tests.CreateBookTest" time="0.380" errors="0" timestamp="2025-05-16T13:07:17 IST" skipped="0">
  <testcase classname="tests.CreateBookTest" name="testCreateBookWithValidData" time="0.112"/>
  <testcase classname="tests.CreateBookTest" name="testCreateBookWithInvalidData" time="0.268"/>
</testsuite> <!-- tests.CreateBookTest -->
