<?xml version="1.0" encoding="UTF-8"?>
<!-- Generated by org.testng.reporters.JUnitReportReporter -->
<testsuite hostname="DESKTOP-NAZALAM" failures="0" tests="2" name="tests.UpdateBookTest" time="0.257" errors="0" timestamp="2025-05-16T16:30:56 IST" skipped="0">
  <testcase classname="tests.UpdateBookTest" name="testUpdateExistingBook" time="0.223"/>
  <testcase classname="tests.UpdateBookTest" name="testUpdateNonExistentBook" time="0.034"/>
</testsuite> <!-- tests.UpdateBookTest -->
